[0mCompiling "resources/public/js/compiled/show.js" from ["src" "test"]...
notifying browser that file changed:  resources/public/js/compiled/out/goog/deps.js
notifying browser that file changed:  resources/public/js/compiled/out/cljs_deps.js
notifying browser that file changed:  out/slides_mount/show.js
[32mSuccessfully compiled "resources/public/js/compiled/show.js" in 0.339 seconds.[0m
[0mCompiling "resources/public/js/compiled/show.js" from ["src" "test"]...
notifying browser that file changed:  out/slides_mount/show.js
[32mSuccessfully compiled "resources/public/js/compiled/show.js" in 0.317 seconds.[0m
[0mCompiling "resources/public/js/compiled/show.js" from ["src" "test"]...
notifying browser that file changed:  out/slides_mount/show.js
[32mSuccessfully compiled "resources/public/js/compiled/show.js" in 0.225 seconds.[0m
[0mCompiling "resources/public/js/compiled/show.js" from ["src" "test"]...
notifying browser that file changed:  out/slides_mount/show.js
[32mSuccessfully compiled "resources/public/js/compiled/show.js" in 0.21 seconds.[0m
[0mCompiling "resources/public/js/compiled/show.js" from ["src" "test"]...
notifying browser that file changed:  out/slides_mount/show.js
[32mSuccessfully compiled "resources/public/js/compiled/show.js" in 0.291 seconds.[0m
[0mCompiling "resources/public/js/compiled/show.js" from ["src" "test"]...
notifying browser that file changed:  out/slides_mount/show.js
[32mSuccessfully compiled "resources/public/js/compiled/show.js" in 0.454 seconds.[0m
[0mCompiling "resources/public/js/compiled/show.js" from ["src" "test"]...
notifying browser that file changed:  out/slides_mount/show.js
[32mSuccessfully compiled "resources/public/js/compiled/show.js" in 0.339 seconds.[0m
[0mCompiling "resources/public/js/compiled/show.js" from ["src" "test"]...
notifying browser that file changed:  out/slides_mount/show.js
[32mSuccessfully compiled "resources/public/js/compiled/show.js" in 0.256 seconds.[0m
[0mCompiling "resources/public/js/compiled/show.js" from ["src" "test"]...
notifying browser that file changed:  out/slides_mount/show.js
[32mSuccessfully compiled "resources/public/js/compiled/show.js" in 0.253 seconds.[0m
[0mCompiling "resources/public/js/compiled/show.js" from ["src" "test"]...
notifying browser that file changed:  out/slides_mount/show.js
[32mSuccessfully compiled "resources/public/js/compiled/show.js" in 1.61 seconds.[0m
[0mCompiling "resources/public/js/compiled/show.js" from ["src" "test"]...
notifying browser that file changed:  out/slides_mount/show.js
[32mSuccessfully compiled "resources/public/js/compiled/show.js" in 0.201 seconds.[0m
[0mCompiling "resources/public/js/compiled/show.js" from ["src" "test"]...
notifying browser that file changed:  out/slides_mount/show.js
[32mSuccessfully compiled "resources/public/js/compiled/show.js" in 0.225 seconds.[0m
[0mCompiling "resources/public/js/compiled/show.js" from ["src" "test"]...
notifying browser that file changed:  out/slides_mount/show.js
[32mSuccessfully compiled "resources/public/js/compiled/show.js" in 0.276 seconds.[0m
[0mCompiling "resources/public/js/compiled/show.js" from ["src" "test"]...
notifying browser that file changed:  out/slides_mount/show.js
[32mSuccessfully compiled "resources/public/js/compiled/show.js" in 0.215 seconds.[0m
[0mCompiling "resources/public/js/compiled/show.js" from ["src" "test"]...
notifying browser that file changed:  out/slides_mount/show.js
[32mSuccessfully compiled "resources/public/js/compiled/show.js" in 0.261 seconds.[0m
[0mCompiling "resources/public/js/compiled/show.js" from ["src" "test"]...
notifying browser that file changed:  out/slides_mount/show.js
[32mSuccessfully compiled "resources/public/js/compiled/show.js" in 0.227 seconds.[0m
[0mCompiling "resources/public/js/compiled/show.js" from ["src" "test"]...
notifying browser that file changed:  out/slides_mount/show.js
[32mSuccessfully compiled "resources/public/js/compiled/show.js" in 0.206 seconds.[0m
[0mCompiling "resources/public/js/compiled/show.js" from ["src" "test"]...
notifying browser that file changed:  out/slides_mount/show.js
[32mSuccessfully compiled "resources/public/js/compiled/show.js" in 0.251 seconds.[0m
[0mCompiling "resources/public/js/compiled/show.js" from ["src" "test"]...
notifying browser that file changed:  out/slides_mount/show.js
[32mSuccessfully compiled "resources/public/js/compiled/show.js" in 0.212 seconds.[0m
[0mCompiling "resources/public/js/compiled/show.js" from ["src" "test"]...
notifying browser that file changed:  out/slides_mount/show.js
[32mSuccessfully compiled "resources/public/js/compiled/show.js" in 0.204 seconds.[0m
[0mCompiling "resources/public/js/compiled/show.js" from ["src" "test"]...
notifying browser that file changed:  out/slides_mount/show.js
[32mSuccessfully compiled "resources/public/js/compiled/show.js" in 0.204 seconds.[0m
[0mCompiling "resources/public/js/compiled/show.js" from ["src" "test"]...
notifying browser that file changed:  out/slides_mount/show.js
[32mSuccessfully compiled "resources/public/js/compiled/show.js" in 0.228 seconds.[0m
[0mCompiling "resources/public/js/compiled/show.js" from ["src" "test"]...
notifying browser that file changed:  out/slides_mount/show.js
[32mSuccessfully compiled "resources/public/js/compiled/show.js" in 0.234 seconds.[0m
[0mCompiling "resources/public/js/compiled/show.js" from ["src" "test"]...
notifying browser that file changed:  out/slides_mount/show.js
[32mSuccessfully compiled "resources/public/js/compiled/show.js" in 0.24 seconds.[0m
[0mCompiling "resources/public/js/compiled/show.js" from ["src" "test"]...
notifying browser that file changed:  out/slides_mount/show.js
[32mSuccessfully compiled "resources/public/js/compiled/show.js" in 0.336 seconds.[0m
[0mCompiling "resources/public/js/compiled/show.js" from ["src" "test"]...
notifying browser that file changed:  out/slides_mount/show.js
[32mSuccessfully compiled "resources/public/js/compiled/show.js" in 0.24 seconds.[0m
[0mCompiling "resources/public/js/compiled/show.js" from ["src" "test"]...
notifying browser that file changed:  out/slides_mount/show.js
[32mSuccessfully compiled "resources/public/js/compiled/show.js" in 0.206 seconds.[0m
[0mCompiling "resources/public/js/compiled/show.js" from ["src" "test"]...
notifying browser that file changed:  out/slides_mount/show.js
[32mSuccessfully compiled "resources/public/js/compiled/show.js" in 0.215 seconds.[0m
[0mCompiling "resources/public/js/compiled/show.js" from ["src" "test"]...
notifying browser that file changed:  out/slides_mount/show.js
[32mSuccessfully compiled "resources/public/js/compiled/show.js" in 0.222 seconds.[0m
[0mCompiling "resources/public/js/compiled/show.js" from ["src" "test"]...
notifying browser that file changed:  out/slides_mount/show.js
[32mSuccessfully compiled "resources/public/js/compiled/show.js" in 0.222 seconds.[0m
[0mCompiling "resources/public/js/compiled/show.js" from ["src" "test"]...
notifying browser that file changed:  out/slides_mount/show.js
[32mSuccessfully compiled "resources/public/js/compiled/show.js" in 0.277 seconds.[0m
[0mCompiling "resources/public/js/compiled/show.js" from ["src" "test"]...
notifying browser that file changed:  out/slides_mount/show.js
[32mSuccessfully compiled "resources/public/js/compiled/show.js" in 0.216 seconds.[0m
[0mCompiling "resources/public/js/compiled/show.js" from ["src" "test"]...
notifying browser that file changed:  out/slides_mount/show.js
[32mSuccessfully compiled "resources/public/js/compiled/show.js" in 0.225 seconds.[0m
[0mCompiling "resources/public/js/compiled/show.js" from ["src" "test"]...
notifying browser that file changed:  out/slides_mount/show.js
[32mSuccessfully compiled "resources/public/js/compiled/show.js" in 0.23 seconds.[0m
[0mCompiling "resources/public/js/compiled/show.js" from ["src" "test"]...
notifying browser that file changed:  out/slides_mount/show.js
[32mSuccessfully compiled "resources/public/js/compiled/show.js" in 0.218 seconds.[0m
[0mCompiling "resources/public/js/compiled/show.js" from ["src" "test"]...
notifying browser that file changed:  out/slides_mount/show.js
[32mSuccessfully compiled "resources/public/js/compiled/show.js" in 0.21 seconds.[0m
[0mCompiling "resources/public/js/compiled/show.js" from ["src" "test"]...
notifying browser that file changed:  out/slides_mount/show.js
[32mSuccessfully compiled "resources/public/js/compiled/show.js" in 0.219 seconds.[0m
[0mCompiling "resources/public/js/compiled/show.js" from ["src" "test"]...
notifying browser that file changed:  out/slides_mount/show.js
[32mSuccessfully compiled "resources/public/js/compiled/show.js" in 0.241 seconds.[0m
[0mCompiling "resources/public/js/compiled/show.js" from ["src" "test"]...
notifying browser that file changed:  out/slides_mount/show.js
[32mSuccessfully compiled "resources/public/js/compiled/show.js" in 0.226 seconds.[0m
[0mCompiling "resources/public/js/compiled/show.js" from ["src" "test"]...
notifying browser that file changed:  out/slides_mount/show.js
[32mSuccessfully compiled "resources/public/js/compiled/show.js" in 0.208 seconds.[0m
[0mCompiling "resources/public/js/compiled/show.js" from ["src" "test"]...
notifying browser that file changed:  out/slides_mount/show.js
[32mSuccessfully compiled "resources/public/js/compiled/show.js" in 0.215 seconds.[0m
[0mCompiling "resources/public/js/compiled/show.js" from ["src" "test"]...
notifying browser that file changed:  out/slides_mount/show.js
[32mSuccessfully compiled "resources/public/js/compiled/show.js" in 0.256 seconds.[0m
[0mCompiling "resources/public/js/compiled/show.js" from ["src" "test"]...
notifying browser that file changed:  out/slides_mount/show.js
[32mSuccessfully compiled "resources/public/js/compiled/show.js" in 0.237 seconds.[0m
[0mCompiling "resources/public/js/compiled/show.js" from ["src" "test"]...
notifying browser that file changed:  out/slides_mount/show.js
[32mSuccessfully compiled "resources/public/js/compiled/show.js" in 0.247 seconds.[0m
[0mCompiling "resources/public/js/compiled/show.js" from ["src" "test"]...
notifying browser that file changed:  out/slides_mount/show.js
[32mSuccessfully compiled "resources/public/js/compiled/show.js" in 0.221 seconds.[0m
[0mCompiling "resources/public/js/compiled/show.js" from ["src" "test"]...
notifying browser that file changed:  out/slides_mount/show.js
[32mSuccessfully compiled "resources/public/js/compiled/show.js" in 0.228 seconds.[0m
[0mCompiling "resources/public/js/compiled/show.js" from ["src" "test"]...
notifying browser that file changed:  out/slides_mount/show.js
[32mSuccessfully compiled "resources/public/js/compiled/show.js" in 0.208 seconds.[0m
[0mCompiling "resources/public/js/compiled/show.js" from ["src" "test"]...
notifying browser that file changed:  out/slides_mount/show.js
[32mSuccessfully compiled "resources/public/js/compiled/show.js" in 0.23 seconds.[0m
[0mCompiling "resources/public/js/compiled/show.js" from ["src" "test"]...
notifying browser that file changed:  out/slides_mount/show.js
[32mSuccessfully compiled "resources/public/js/compiled/show.js" in 0.217 seconds.[0m
[0mCompiling "resources/public/js/compiled/show.js" from ["src" "test"]...
notifying browser that file changed:  out/slides_mount/show.js
[32mSuccessfully compiled "resources/public/js/compiled/show.js" in 0.266 seconds.[0m
[0mCompiling "resources/public/js/compiled/show.js" from ["src" "test"]...
notifying browser that file changed:  out/slides_mount/show.js
[32mSuccessfully compiled "resources/public/js/compiled/show.js" in 0.216 seconds.[0m
[0mCompiling "resources/public/js/compiled/show.js" from ["src" "test"]...
notifying browser that file changed:  out/slides_mount/show.js
[32mSuccessfully compiled "resources/public/js/compiled/show.js" in 0.24 seconds.[0m
[0mCompiling "resources/public/js/compiled/show.js" from ["src" "test"]...
notifying browser that file changed:  out/slides_mount/show.js
[32mSuccessfully compiled "resources/public/js/compiled/show.js" in 0.218 seconds.[0m
[0mCompiling "resources/public/js/compiled/show.js" from ["src" "test"]...
notifying browser that file changed:  out/slides_mount/show.js
[32mSuccessfully compiled "resources/public/js/compiled/show.js" in 0.204 seconds.[0m
[0mCompiling "resources/public/js/compiled/show.js" from ["src" "test"]...
notifying browser that file changed:  resources/public/js/compiled/out/goog/deps.js
notifying browser that file changed:  resources/public/js/compiled/out/cljs_deps.js
notifying browser that file changed:  out/slides_mount/show.js
[32mSuccessfully compiled "resources/public/js/compiled/show.js" in 0.435 seconds.[0m
[0mCompiling "resources/public/js/compiled/show.js" from ["src" "test"]...
notifying browser that file changed:  out/slides_mount/show.js
[32mSuccessfully compiled "resources/public/js/compiled/show.js" in 0.265 seconds.[0m
[0mCompiling "resources/public/js/compiled/show.js" from ["src" "test"]...
notifying browser that file changed:  out/slides_mount/show.js
[32mSuccessfully compiled "resources/public/js/compiled/show.js" in 0.251 seconds.[0m
[0mCompiling "resources/public/js/compiled/show.js" from ["src" "test"]...
notifying browser that file changed:  out/slides_mount/show.js
[32mSuccessfully compiled "resources/public/js/compiled/show.js" in 0.226 seconds.[0m
[0mCompiling "resources/public/js/compiled/show.js" from ["src" "test"]...
notifying browser that file changed:  out/slides_mount/show.js
[32mSuccessfully compiled "resources/public/js/compiled/show.js" in 0.22 seconds.[0m
[0mCompiling "resources/public/js/compiled/show.js" from ["src" "test"]...
notifying browser that file changed:  out/slides_mount/show.js
[32mSuccessfully compiled "resources/public/js/compiled/show.js" in 0.239 seconds.[0m
[0mCompiling "resources/public/js/compiled/show.js" from ["src" "test"]...
[31mCompiling "resources/public/js/compiled/show.js" failed.
[0mERROR: EOF while reading, starting at line 7 and column 1 on file /home/chris/IdeaProjects/slides-mount/src/slides_mount/show.cljs, line 131, column 1
[32mSuccessfully compiled "resources/public/js/compiled/show.js" in 0.176 seconds.[0m
[0mCompiling "resources/public/js/compiled/show.js" from ["src" "test"]...
[31mCompiling "resources/public/js/compiled/show.js" failed.
[0mERROR: EOF while reading, starting at line 7 and column 1 on file /home/chris/IdeaProjects/slides-mount/src/slides_mount/show.cljs, line 131, column 1
[32mSuccessfully compiled "resources/public/js/compiled/show.js" in 0.146 seconds.[0m
[0mCompiling "resources/public/js/compiled/show.js" from ["src" "test"]...
[31mCompiling "resources/public/js/compiled/show.js" failed.
[0mERROR: EOF while reading, starting at line 7 and column 1 on file /home/chris/IdeaProjects/slides-mount/src/slides_mount/show.cljs, line 132, column 1
[32mSuccessfully compiled "resources/public/js/compiled/show.js" in 0.131 seconds.[0m
[0mCompiling "resources/public/js/compiled/show.js" from ["src" "test"]...
[31mCompiling "resources/public/js/compiled/show.js" failed.
[0mERROR: EOF while reading, starting at line 7 and column 1 on file /home/chris/IdeaProjects/slides-mount/src/slides_mount/show.cljs, line 132, column 1
[32mSuccessfully compiled "resources/public/js/compiled/show.js" in 0.154 seconds.[0m
[0mCompiling "resources/public/js/compiled/show.js" from ["src" "test"]...
[31mCompiling "resources/public/js/compiled/show.js" failed.
[0mERROR: Invalid token: twilio/ on file /home/chris/IdeaProjects/slides-mount/src/slides_mount/show.cljs, line 63, column 34
[32mSuccessfully compiled "resources/public/js/compiled/show.js" in 0.144 seconds.[0m
[0mCompiling "resources/public/js/compiled/show.js" from ["src" "test"]...
[31mCompiling "resources/public/js/compiled/show.js" failed.
[0mERROR: EOF while reading, starting at line 7 and column 1 on file /home/chris/IdeaProjects/slides-mount/src/slides_mount/show.cljs, line 133, column 1
[32mSuccessfully compiled "resources/public/js/compiled/show.js" in 0.15 seconds.[0m
[0mCompiling "resources/public/js/compiled/show.js" from ["src" "test"]...
[31mCompiling "resources/public/js/compiled/show.js" failed.
[0mERROR: EOF while reading, starting at line 7 and column 1 on file /home/chris/IdeaProjects/slides-mount/src/slides_mount/show.cljs, line 133, column 1
[32mSuccessfully compiled "resources/public/js/compiled/show.js" in 0.189 seconds.[0m
[0mCompiling "resources/public/js/compiled/show.js" from ["src" "test"]...
[31mCompiling "resources/public/js/compiled/show.js" failed.
[0mERROR: EOF while reading, starting at line 7 and column 1 on file /home/chris/IdeaProjects/slides-mount/src/slides_mount/show.cljs, line 134, column 1
[32mSuccessfully compiled "resources/public/js/compiled/show.js" in 0.158 seconds.[0m
[0mCompiling "resources/public/js/compiled/show.js" from ["src" "test"]...
[31mCompiling "resources/public/js/compiled/show.js" failed.
[0mERROR: EOF while reading, starting at line 7 and column 1 on file /home/chris/IdeaProjects/slides-mount/src/slides_mount/show.cljs, line 134, column 1
[32mSuccessfully compiled "resources/public/js/compiled/show.js" in 0.13 seconds.[0m
[0mCompiling "resources/public/js/compiled/show.js" from ["src" "test"]...
[31mCompiling "resources/public/js/compiled/show.js" failed.
[0mERROR: Invalid token: twilio/ on file /home/chris/IdeaProjects/slides-mount/src/slides_mount/show.cljs, line 64, column 69
[32mSuccessfully compiled "resources/public/js/compiled/show.js" in 0.149 seconds.[0m
[0mCompiling "resources/public/js/compiled/show.js" from ["src" "test"]...
[31mCompiling "resources/public/js/compiled/show.js" failed.
[0mERROR: EOF while reading, starting at line 7 and column 1 on file /home/chris/IdeaProjects/slides-mount/src/slides_mount/show.cljs, line 134, column 1
[32mSuccessfully compiled "resources/public/js/compiled/show.js" in 0.132 seconds.[0m
[0mCompiling "resources/public/js/compiled/show.js" from ["src" "test"]...
notifying browser that file changed:  out/slides_mount/show.js
[32mSuccessfully compiled "resources/public/js/compiled/show.js" in 0.219 seconds.[0m
[0mCompiling "resources/public/js/compiled/show.js" from ["src" "test"]...
notifying browser that file changed:  out/slides_mount/show.js
[32mSuccessfully compiled "resources/public/js/compiled/show.js" in 0.187 seconds.[0m
[0mCompiling "resources/public/js/compiled/show.js" from ["src" "test"]...
notifying browser that file changed:  out/slides_mount/show.js
[32mSuccessfully compiled "resources/public/js/compiled/show.js" in 0.193 seconds.[0m
[0mCompiling "resources/public/js/compiled/show.js" from ["src" "test"]...
notifying browser that file changed:  out/slides_mount/show.js
[32mSuccessfully compiled "resources/public/js/compiled/show.js" in 0.205 seconds.[0m
[0mCompiling "resources/public/js/compiled/show.js" from ["src" "test"]...
notifying browser that file changed:  out/slides_mount/show.js
[32mSuccessfully compiled "resources/public/js/compiled/show.js" in 0.192 seconds.[0m
[0mCompiling "resources/public/js/compiled/show.js" from ["src" "test"]...
notifying browser that file changed:  out/slides_mount/show.js
[32mSuccessfully compiled "resources/public/js/compiled/show.js" in 0.218 seconds.[0m
[0mCompiling "resources/public/js/compiled/show.js" from ["src" "test"]...
notifying browser that file changed:  resources/public/js/compiled/out/goog/deps.js
notifying browser that file changed:  resources/public/js/compiled/out/cljs_deps.js
notifying browser that file changed:  out/slides_mount/show.js
[32mSuccessfully compiled "resources/public/js/compiled/show.js" in 0.558 seconds.[0m
[0mCompiling "resources/public/js/compiled/show.js" from ["src" "test"]...
notifying browser that file changed:  out/slides_mount/show.js
[32mSuccessfully compiled "resources/public/js/compiled/show.js" in 0.296 seconds.[0m
[0mCompiling "resources/public/js/compiled/show.js" from ["src" "test"]...
notifying browser that file changed:  out/slides_mount/show.js
[32mSuccessfully compiled "resources/public/js/compiled/show.js" in 0.342 seconds.[0m
[0mCompiling "resources/public/js/compiled/show.js" from ["src" "test"]...
notifying browser that file changed:  out/slides_mount/show.js
[32mSuccessfully compiled "resources/public/js/compiled/show.js" in 0.209 seconds.[0m
[0mCompiling "resources/public/js/compiled/show.js" from ["src" "test"]...
notifying browser that file changed:  out/slides_mount/show.js
[32mSuccessfully compiled "resources/public/js/compiled/show.js" in 0.227 seconds.[0m
[0mCompiling "resources/public/js/compiled/show.js" from ["src" "test"]...
notifying browser that file changed:  out/slides_mount/show.js
[32mSuccessfully compiled "resources/public/js/compiled/show.js" in 0.677 seconds.[0m
[0mCompiling "resources/public/js/compiled/show.js" from ["src" "test"]...
notifying browser that file changed:  out/slides_mount/show.js
[32mSuccessfully compiled "resources/public/js/compiled/show.js" in 0.199 seconds.[0m
[0mCompiling "resources/public/js/compiled/show.js" from ["src" "test"]...
notifying browser that file changed:  out/slides_mount/show.js
[32mSuccessfully compiled "resources/public/js/compiled/show.js" in 0.274 seconds.[0m
[0mCompiling "resources/public/js/compiled/show.js" from ["src" "test"]...
notifying browser that file changed:  out/slides_mount/show.js
[32mSuccessfully compiled "resources/public/js/compiled/show.js" in 0.271 seconds.[0m
[0mCompiling "resources/public/js/compiled/show.js" from ["src" "test"]...
notifying browser that file changed:  out/slides_mount/show.js
[32mSuccessfully compiled "resources/public/js/compiled/show.js" in 1.752 seconds.[0m
[0mCompiling "resources/public/js/compiled/show.js" from ["src" "test"]...
notifying browser that file changed:  out/slides_mount/show.js
[32mSuccessfully compiled "resources/public/js/compiled/show.js" in 1.07 seconds.[0m
[0mCompiling "resources/public/js/compiled/show.js" from ["src" "test"]...
notifying browser that file changed:  resources/public/js/compiled/out/goog/deps.js
notifying browser that file changed:  resources/public/js/compiled/out/cljs_deps.js
notifying browser that file changed:  out/slides_mount/show.js
[32mSuccessfully compiled "resources/public/js/compiled/show.js" in 0.364 seconds.[0m
[0mCompiling "resources/public/js/compiled/show.js" from ["src" "test"]...
notifying browser that file changed:  out/slides_mount/show.js
[32mSuccessfully compiled "resources/public/js/compiled/show.js" in 0.235 seconds.[0m
[0mCompiling "resources/public/js/compiled/show.js" from ["src" "test"]...
notifying browser that file changed:  out/slides_mount/show.js
[32mSuccessfully compiled "resources/public/js/compiled/show.js" in 0.219 seconds.[0m
[0mCompiling "resources/public/js/compiled/show.js" from ["src" "test"]...
notifying browser that file changed:  out/slides_mount/show.js
[32mSuccessfully compiled "resources/public/js/compiled/show.js" in 0.226 seconds.[0m
[0mCompiling "resources/public/js/compiled/show.js" from ["src" "test"]...
notifying browser that file changed:  out/slides_mount/show.js
[32mSuccessfully compiled "resources/public/js/compiled/show.js" in 0.214 seconds.[0m
[0mCompiling "resources/public/js/compiled/show.js" from ["src" "test"]...
notifying browser that file changed:  out/slides_mount/show.js
[32mSuccessfully compiled "resources/public/js/compiled/show.js" in 0.357 seconds.[0m
[0mCompiling "resources/public/js/compiled/show.js" from ["src" "test"]...
notifying browser that file changed:  out/slides_mount/show.js
[32mSuccessfully compiled "resources/public/js/compiled/show.js" in 0.593 seconds.[0m
[0mCompiling "resources/public/js/compiled/show.js" from ["src" "test"]...
notifying browser that file changed:  out/slides_mount/show.js
[32mSuccessfully compiled "resources/public/js/compiled/show.js" in 0.219 seconds.[0m
[0mCompiling "resources/public/js/compiled/show.js" from ["src" "test"]...
notifying browser that file changed:  out/slides_mount/show.js
[32mSuccessfully compiled "resources/public/js/compiled/show.js" in 0.218 seconds.[0m
[0mCompiling "resources/public/js/compiled/show.js" from ["src" "test"]...
notifying browser that file changed:  out/slides_mount/show.js
[32mSuccessfully compiled "resources/public/js/compiled/show.js" in 0.206 seconds.[0m
[0mCompiling "resources/public/js/compiled/show.js" from ["src" "test"]...
notifying browser that file changed:  out/slides_mount/show.js
[32mSuccessfully compiled "resources/public/js/compiled/show.js" in 0.231 seconds.[0m
[0mCompiling "resources/public/js/compiled/show.js" from ["src" "test"]...
[31mCompiling "resources/public/js/compiled/show.js" failed.
[0mERROR: No reader function for tag ref on file /home/chris/IdeaProjects/slides-mount/src/slides_mount/show.cljs, line 76, column 67
[32mSuccessfully compiled "resources/public/js/compiled/show.js" in 0.144 seconds.[0m
[0mCompiling "resources/public/js/compiled/show.js" from ["src" "test"]...
[31mCompiling "resources/public/js/compiled/show.js" failed.
[0mERROR: No reader function for tag ref on file /home/chris/IdeaProjects/slides-mount/src/slides_mount/show.cljs, line 76, column 67
[32mSuccessfully compiled "resources/public/js/compiled/show.js" in 0.172 seconds.[0m
[0mCompiling "resources/public/js/compiled/show.js" from ["src" "test"]...
[31mCompiling "resources/public/js/compiled/show.js" failed.
[0mERROR: Map literal must contain an even number of forms on file /home/chris/IdeaProjects/slides-mount/src/slides_mount/show.cljs, line 76, column 85
[32mSuccessfully compiled "resources/public/js/compiled/show.js" in 0.182 seconds.[0m
[0mCompiling "resources/public/js/compiled/show.js" from ["src" "test"]...
notifying browser that file changed:  out/slides_mount/show.js
[32mSuccessfully compiled "resources/public/js/compiled/show.js" in 0.237 seconds.[0m
[0mCompiling "resources/public/js/compiled/show.js" from ["src" "test"]...
notifying browser that file changed:  out/slides_mount/show.js
[32mSuccessfully compiled "resources/public/js/compiled/show.js" in 0.249 seconds.[0m
[0mCompiling "resources/public/js/compiled/show.js" from ["src" "test"]...
notifying browser that file changed:  out/slides_mount/show.js
[32mSuccessfully compiled "resources/public/js/compiled/show.js" in 0.255 seconds.[0m
[0mCompiling "resources/public/js/compiled/show.js" from ["src" "test"]...
notifying browser that file changed:  out/slides_mount/show.js
[32mSuccessfully compiled "resources/public/js/compiled/show.js" in 0.233 seconds.[0m
[0mCompiling "resources/public/js/compiled/show.js" from ["src" "test"]...
notifying browser that file changed:  out/slides_mount/show.js
[32mSuccessfully compiled "resources/public/js/compiled/show.js" in 0.22 seconds.[0m
[0mCompiling "resources/public/js/compiled/show.js" from ["src" "test"]...
notifying browser that file changed:  out/slides_mount/show.js
[32mSuccessfully compiled "resources/public/js/compiled/show.js" in 0.256 seconds.[0m
[0mCompiling "resources/public/js/compiled/show.js" from ["src" "test"]...
notifying browser that file changed:  out/slides_mount/show.js
[32mSuccessfully compiled "resources/public/js/compiled/show.js" in 0.214 seconds.[0m
[0mCompiling "resources/public/js/compiled/show.js" from ["src" "test"]...
notifying browser that file changed:  out/slides_mount/show.js
[32mSuccessfully compiled "resources/public/js/compiled/show.js" in 0.218 seconds.[0m
[0mCompiling "resources/public/js/compiled/show.js" from ["src" "test"]...
notifying browser that file changed:  out/slides_mount/show.js
[32mSuccessfully compiled "resources/public/js/compiled/show.js" in 0.23 seconds.[0m
[0mCompiling "resources/public/js/compiled/show.js" from ["src" "test"]...
notifying browser that file changed:  out/slides_mount/show.js
[32mSuccessfully compiled "resources/public/js/compiled/show.js" in 0.23 seconds.[0m
[0mCompiling "resources/public/js/compiled/show.js" from ["src" "test"]...
notifying browser that file changed:  out/slides_mount/show.js
[32mSuccessfully compiled "resources/public/js/compiled/show.js" in 0.236 seconds.[0m
[0mCompiling "resources/public/js/compiled/show.js" from ["src" "test"]...
notifying browser that file changed:  out/slides_mount/show.js
[32mSuccessfully compiled "resources/public/js/compiled/show.js" in 0.222 seconds.[0m
[0mCompiling "resources/public/js/compiled/show.js" from ["src" "test"]...
notifying browser that file changed:  out/slides_mount/show.js
[32mSuccessfully compiled "resources/public/js/compiled/show.js" in 0.222 seconds.[0m
[0mCompiling "resources/public/js/compiled/show.js" from ["src" "test"]...
WARNING: Use of undeclared Var slides-mount.show/*default-data-reader-fn* at line 5 /home/chris/IdeaProjects/slides-mount/src/slides_mount/show.cljs
[31mCompiling "resources/public/js/compiled/show.js" failed.
[0mERROR: No reader function for tag ref on file /home/chris/IdeaProjects/slides-mount/src/slides_mount/show.cljs, line 78, column 67
[32mSuccessfully compiled "resources/public/js/compiled/show.js" in 0.145 seconds.[0m
[0mCompiling "resources/public/js/compiled/show.js" from ["src" "test"]...
WARNING: Use of undeclared Var slides-mount.show/*default-data-reader-fn* at line 5 /home/chris/IdeaProjects/slides-mount/src/slides_mount/show.cljs
notifying browser that file changed:  resources/public/js/compiled/out/goog/deps.js
notifying browser that file changed:  resources/public/js/compiled/out/cljs_deps.js
notifying browser that file changed:  out/slides_mount/show.js
[32mSuccessfully compiled "resources/public/js/compiled/show.js" in 0.533 seconds.[0m
[0mCompiling "resources/public/js/compiled/show.js" from ["src" "test"]...
notifying browser that file changed:  out/slides_mount/show.js
[32mSuccessfully compiled "resources/public/js/compiled/show.js" in 0.255 seconds.[0m
[0mCompiling "resources/public/js/compiled/show.js" from ["src" "test"]...
notifying browser that file changed:  out/slides_mount/show.js
[32mSuccessfully compiled "resources/public/js/compiled/show.js" in 0.251 seconds.[0m
[0mCompiling "resources/public/js/compiled/show.js" from ["src" "test"]...
notifying browser that file changed:  out/slides_mount/show.js
[32mSuccessfully compiled "resources/public/js/compiled/show.js" in 0.439 seconds.[0m
[0mCompiling "resources/public/js/compiled/show.js" from ["src" "test"]...
notifying browser that file changed:  out/slides_mount/show.js
[32mSuccessfully compiled "resources/public/js/compiled/show.js" in 0.232 seconds.[0m
[0mCompiling "resources/public/js/compiled/show.js" from ["src" "test"]...
notifying browser that file changed:  out/slides_mount/show.js
[32mSuccessfully compiled "resources/public/js/compiled/show.js" in 0.233 seconds.[0m
[0mCompiling "resources/public/js/compiled/show.js" from ["src" "test"]...
notifying browser that file changed:  out/slides_mount/show.js
[32mSuccessfully compiled "resources/public/js/compiled/show.js" in 0.398 seconds.[0m
[0mCompiling "resources/public/js/compiled/show.js" from ["src" "test"]...
notifying browser that file changed:  out/slides_mount/show.js
[32mSuccessfully compiled "resources/public/js/compiled/show.js" in 0.249 seconds.[0m
[0mCompiling "resources/public/js/compiled/show.js" from ["src" "test"]...
notifying browser that file changed:  out/slides_mount/show.js
[32mSuccessfully compiled "resources/public/js/compiled/show.js" in 0.315 seconds.[0m
[0mCompiling "resources/public/js/compiled/show.js" from ["src" "test"]...
notifying browser that file changed:  out/slides_mount/show.js
[32mSuccessfully compiled "resources/public/js/compiled/show.js" in 0.482 seconds.[0m
[0mCompiling "resources/public/js/compiled/show.js" from ["src" "test"]...
notifying browser that file changed:  out/slides_mount/show.js
[32mSuccessfully compiled "resources/public/js/compiled/show.js" in 0.249 seconds.[0m
[0mCompiling "resources/public/js/compiled/show.js" from ["src" "test"]...
notifying browser that file changed:  out/slides_mount/show.js
[32mSuccessfully compiled "resources/public/js/compiled/show.js" in 0.241 seconds.[0m
[0mCompiling "resources/public/js/compiled/show.js" from ["src" "test"]...
notifying browser that file changed:  out/slides_mount/show.js
[32mSuccessfully compiled "resources/public/js/compiled/show.js" in 0.227 seconds.[0m
[0mCompiling "resources/public/js/compiled/show.js" from ["src" "test"]...
notifying browser that file changed:  out/slides_mount/show.js
[32mSuccessfully compiled "resources/public/js/compiled/show.js" in 0.235 seconds.[0m
[0mCompiling "resources/public/js/compiled/show.js" from ["src" "test"]...
notifying browser that file changed:  out/slides_mount/show.js
[32mSuccessfully compiled "resources/public/js/compiled/show.js" in 0.241 seconds.[0m
[0mCompiling "resources/public/js/compiled/show.js" from ["src" "test"]...
notifying browser that file changed:  out/slides_mount/show.js
[32mSuccessfully compiled "resources/public/js/compiled/show.js" in 0.265 seconds.[0m
[0mCompiling "resources/public/js/compiled/show.js" from ["src" "test"]...
notifying browser that file changed:  out/slides_mount/show.js
[32mSuccessfully compiled "resources/public/js/compiled/show.js" in 0.228 seconds.[0m
[0mCompiling "resources/public/js/compiled/show.js" from ["src" "test"]...
notifying browser that file changed:  out/slides_mount/show.js
[32mSuccessfully compiled "resources/public/js/compiled/show.js" in 0.22 seconds.[0m
[0mCompiling "resources/public/js/compiled/show.js" from ["src" "test"]...
notifying browser that file changed:  out/slides_mount/show.js
[32mSuccessfully compiled "resources/public/js/compiled/show.js" in 0.229 seconds.[0m
[0mCompiling "resources/public/js/compiled/show.js" from ["src" "test"]...
notifying browser that file changed:  out/slides_mount/show.js
[32mSuccessfully compiled "resources/public/js/compiled/show.js" in 0.32 seconds.[0m
